[debug] [2025-06-04T06:07:31.908Z] ----------------------------------------------------------------------
[debug] [2025-06-04T06:07:31.912Z] Command:       C:\Program Files\nodejs\node.exe C:\Users\Catarina\AppData\Roaming\npm\node_modules\firebase-tools\lib\bin\firebase.js init
[debug] [2025-06-04T06:07:31.913Z] CLI Version:   14.3.1
[debug] [2025-06-04T06:07:31.913Z] Platform:      win32
[debug] [2025-06-04T06:07:31.913Z] Node Version:  v22.15.0
[debug] [2025-06-04T06:07:31.913Z] Time:          Wed Jun 04 2025 03:07:31 GMT-0300 (Horário Padrão de Brasília)
[debug] [2025-06-04T06:07:31.913Z] ----------------------------------------------------------------------
[debug] 
[debug] [2025-06-04T06:07:31.919Z] > command requires scopes: ["email","openid","https://www.googleapis.com/auth/cloudplatformprojects.readonly","https://www.googleapis.com/auth/firebase","https://www.googleapis.com/auth/cloud-platform"]
[debug] [2025-06-04T06:07:31.920Z] > authorizing via signed-in user (catarinalpz15@gmail.com)
[info] 
     ######## #### ########  ######## ########     ###     ######  ########
     ##        ##  ##     ## ##       ##     ##  ##   ##  ##       ##
     ######    ##  ########  ######   ########  #########  ######  ######
     ##        ##  ##    ##  ##       ##     ## ##     ##       ## ##
     ##       #### ##     ## ######## ########  ##     ##  ######  ########

You're about to initialize a Firebase project in this directory:

  C:\Users\Catarina\Documents\Pessoal\minha-agenda

[info] 
=== Project Setup
[info] 
[info] First, let's associate this project directory with a Firebase project.
[info] You can create multiple project aliases by running firebase use --add, 
[info] but for now we'll just set up a default project.
[info] 
[debug] [2025-06-04T06:09:11.036Z] Checked if tokens are valid: false, expires at: 1747092471332
[debug] [2025-06-04T06:09:11.037Z] Checked if tokens are valid: false, expires at: 1747092471332
[debug] [2025-06-04T06:09:11.037Z] > refreshing access token with scopes: []
[debug] [2025-06-04T06:09:11.039Z] >>> [apiv2][query] POST https://www.googleapis.com/oauth2/v3/token [none]
[debug] [2025-06-04T06:09:11.039Z] >>> [apiv2][body] POST https://www.googleapis.com/oauth2/v3/token [omitted]
[debug] [2025-06-04T06:09:11.407Z] <<< [apiv2][status] POST https://www.googleapis.com/oauth2/v3/token 200
[debug] [2025-06-04T06:09:11.407Z] <<< [apiv2][body] POST https://www.googleapis.com/oauth2/v3/token [omitted]
[debug] [2025-06-04T06:09:11.414Z] >>> [apiv2][query] GET https://firebase.googleapis.com/v1beta1/projects pageSize=100
[debug] [2025-06-04T06:09:12.090Z] <<< [apiv2][status] GET https://firebase.googleapis.com/v1beta1/projects 200
[debug] [2025-06-04T06:09:12.090Z] <<< [apiv2][body] GET https://firebase.googleapis.com/v1beta1/projects [omitted]
[info] i  Using project meu-curso-python-3910d (meu-curso-python) 
[info] 
=== Hosting Setup
[debug] [2025-06-04T06:09:20.046Z] Checked if tokens are valid: true, expires at: 1749020950407
[debug] [2025-06-04T06:09:20.046Z] Checked if tokens are valid: true, expires at: 1749020950407
[debug] [2025-06-04T06:09:20.047Z] >>> [apiv2][query] GET https://firebase.googleapis.com/v1beta1/projects/meu-curso-python-3910d [none]
[debug] [2025-06-04T06:09:20.501Z] <<< [apiv2][status] GET https://firebase.googleapis.com/v1beta1/projects/meu-curso-python-3910d 200
[debug] [2025-06-04T06:09:20.502Z] <<< [apiv2][body] GET https://firebase.googleapis.com/v1beta1/projects/meu-curso-python-3910d {"projectId":"meu-curso-python-3910d","projectNumber":"204965786621","displayName":"meu-curso-python","name":"projects/meu-curso-python-3910d","resources":{"hostingSite":"meu-curso-python-3910d"},"state":"ACTIVE","etag":"1_ebb3c5d4-5a28-44ef-8f55-4ebf715622fb"}
[info] 
[info] Your public directory is the folder (relative to your project directory) that
[info] will contain Hosting assets to be uploaded with firebase deploy. If you
[info] have a build process for your assets, use your build's output directory.
[info] 
[debug] [2025-06-04T06:10:05.125Z] ExitPromptError: User force closed the prompt with SIGINT
    at Interface.sigint (C:\Users\Catarina\AppData\Roaming\npm\node_modules\firebase-tools\node_modules\@inquirer\core\dist\commonjs\lib\create-prompt.js:100:37)
    at Interface.emit (node:events:518:28)
    at Interface.emit (node:domain:489:12)
    at [_ttyWrite] [as _ttyWrite] (node:internal/readline/interface:1128:18)
    at ReadStream.onkeypress (node:internal/readline/interface:267:20)
    at ReadStream.emit (node:events:530:35)
    at ReadStream.emit (node:domain:489:12)
    at emitKeys (node:internal/readline/utils:370:14)
    at emitKeys.next (<anonymous>)
    at ReadStream.onData (node:internal/readline/emitKeypressEvents:64:36)
[error] 
[error] Error: An unexpected error has occurred.
[debug] [2025-06-04T06:10:14.440Z] ----------------------------------------------------------------------
[debug] [2025-06-04T06:10:14.443Z] Command:       C:\Program Files\nodejs\node.exe C:\Users\Catarina\AppData\Roaming\npm\node_modules\firebase-tools\lib\bin\firebase.js init
[debug] [2025-06-04T06:10:14.443Z] CLI Version:   14.3.1
[debug] [2025-06-04T06:10:14.443Z] Platform:      win32
[debug] [2025-06-04T06:10:14.443Z] Node Version:  v22.15.0
[debug] [2025-06-04T06:10:14.444Z] Time:          Wed Jun 04 2025 03:10:14 GMT-0300 (Horário Padrão de Brasília)
[debug] [2025-06-04T06:10:14.444Z] ----------------------------------------------------------------------
[debug] 
[debug] [2025-06-04T06:10:14.449Z] > command requires scopes: ["email","openid","https://www.googleapis.com/auth/cloudplatformprojects.readonly","https://www.googleapis.com/auth/firebase","https://www.googleapis.com/auth/cloud-platform"]
[debug] [2025-06-04T06:10:14.450Z] > authorizing via signed-in user (catarinalpz15@gmail.com)
[info] 
     ######## #### ########  ######## ########     ###     ######  ########
     ##        ##  ##     ## ##       ##     ##  ##   ##  ##       ##
     ######    ##  ########  ######   ########  #########  ######  ######
     ##        ##  ##    ##  ##       ##     ## ##     ##       ## ##
     ##       #### ##     ## ######## ########  ##     ##  ######  ########

You're about to initialize a Firebase project in this directory:

  C:\Users\Catarina\Documents\Pessoal\minha-agenda

[info] 
=== Project Setup
[info] 
[info] First, let's associate this project directory with a Firebase project.
[info] You can create multiple project aliases by running firebase use --add, 
[info] but for now we'll just set up a default project.
[info] 
[debug] [2025-06-04T06:10:25.089Z] Checked if tokens are valid: true, expires at: 1749020950407
[debug] [2025-06-04T06:10:25.089Z] Checked if tokens are valid: true, expires at: 1749020950407
[debug] [2025-06-04T06:10:25.091Z] >>> [apiv2][query] GET https://firebase.googleapis.com/v1beta1/projects pageSize=100
[debug] [2025-06-04T06:10:25.799Z] <<< [apiv2][status] GET https://firebase.googleapis.com/v1beta1/projects 200
[debug] [2025-06-04T06:10:25.799Z] <<< [apiv2][body] GET https://firebase.googleapis.com/v1beta1/projects [omitted]
[debug] [2025-06-04T06:10:58.185Z] ExitPromptError: User force closed the prompt with SIGINT
    at Interface.sigint (C:\Users\Catarina\AppData\Roaming\npm\node_modules\firebase-tools\node_modules\@inquirer\core\dist\commonjs\lib\create-prompt.js:100:37)
    at Interface.emit (node:events:518:28)
    at Interface.emit (node:domain:489:12)
    at [_ttyWrite] [as _ttyWrite] (node:internal/readline/interface:1128:18)
    at ReadStream.onkeypress (node:internal/readline/interface:267:20)
    at ReadStream.emit (node:events:530:35)
    at ReadStream.emit (node:domain:489:12)
    at emitKeys (node:internal/readline/utils:370:14)
    at emitKeys.next (<anonymous>)
    at ReadStream.onData (node:internal/readline/emitKeypressEvents:64:36)
[error] 
[error] Error: An unexpected error has occurred.
[debug] [2025-06-04T06:11:02.648Z] ----------------------------------------------------------------------
[debug] [2025-06-04T06:11:02.650Z] Command:       C:\Program Files\nodejs\node.exe C:\Users\Catarina\AppData\Roaming\npm\node_modules\firebase-tools\lib\bin\firebase.js init
[debug] [2025-06-04T06:11:02.651Z] CLI Version:   14.3.1
[debug] [2025-06-04T06:11:02.651Z] Platform:      win32
[debug] [2025-06-04T06:11:02.651Z] Node Version:  v22.15.0
[debug] [2025-06-04T06:11:02.651Z] Time:          Wed Jun 04 2025 03:11:02 GMT-0300 (Horário Padrão de Brasília)
[debug] [2025-06-04T06:11:02.651Z] ----------------------------------------------------------------------
[debug] 
[debug] [2025-06-04T06:11:02.657Z] > command requires scopes: ["email","openid","https://www.googleapis.com/auth/cloudplatformprojects.readonly","https://www.googleapis.com/auth/firebase","https://www.googleapis.com/auth/cloud-platform"]
[debug] [2025-06-04T06:11:02.657Z] > authorizing via signed-in user (catarinalpz15@gmail.com)
[info] 
     ######## #### ########  ######## ########     ###     ######  ########
     ##        ##  ##     ## ##       ##     ##  ##   ##  ##       ##
     ######    ##  ########  ######   ########  #########  ######  ######
     ##        ##  ##    ##  ##       ##     ## ##     ##       ## ##
     ##       #### ##     ## ######## ########  ##     ##  ######  ########

You're about to initialize a Firebase project in this directory:

  C:\Users\Catarina\Documents\Pessoal\minha-agenda

[info] 
=== Project Setup
[info] 
[info] First, let's associate this project directory with a Firebase project.
[info] You can create multiple project aliases by running firebase use --add, 
[info] but for now we'll just set up a default project.
[info] 
[info] i  If you want to create a project in a Google Cloud organization or folder, please use "firebase projects:create" instead, and return to this command when you've created the project. 
[debug] [2025-06-04T06:12:29.038Z] Checked if tokens are valid: true, expires at: 1749020950407
[debug] [2025-06-04T06:12:29.038Z] Checked if tokens are valid: true, expires at: 1749020950407
[debug] [2025-06-04T06:12:29.039Z] >>> [apiv2][query] POST https://cloudresourcemanager.googleapis.com/v1/projects [none]
[debug] [2025-06-04T06:12:29.039Z] >>> [apiv2][body] POST https://cloudresourcemanager.googleapis.com/v1/projects {"projectId":"minha-agenda-2025","name":"minha-agenda-2025"}
[debug] [2025-06-04T06:12:30.172Z] <<< [apiv2][status] POST https://cloudresourcemanager.googleapis.com/v1/projects 200
[debug] [2025-06-04T06:12:30.172Z] <<< [apiv2][body] POST https://cloudresourcemanager.googleapis.com/v1/projects {"name":"operations/create_project.global.9014181606691505858"}
[debug] [2025-06-04T06:12:30.174Z] Checked if tokens are valid: true, expires at: 1749020950407
[debug] [2025-06-04T06:12:30.174Z] Checked if tokens are valid: true, expires at: 1749020950407
[debug] [2025-06-04T06:12:30.174Z] >>> [apiv2][query] GET https://cloudresourcemanager.googleapis.com/v1/operations/create_project.global.9014181606691505858 [none]
[debug] [2025-06-04T06:12:30.982Z] <<< [apiv2][status] GET https://cloudresourcemanager.googleapis.com/v1/operations/create_project.global.9014181606691505858 200
[debug] [2025-06-04T06:12:30.982Z] <<< [apiv2][body] GET https://cloudresourcemanager.googleapis.com/v1/operations/create_project.global.9014181606691505858 {"name":"operations/create_project.global.9014181606691505858"}
[debug] [2025-06-04T06:12:31.489Z] [Project Creation Poller] Retrying task index 0
[debug] [2025-06-04T06:12:31.490Z] Checked if tokens are valid: true, expires at: 1749020950407
[debug] [2025-06-04T06:12:31.490Z] Checked if tokens are valid: true, expires at: 1749020950407
[debug] [2025-06-04T06:12:31.490Z] >>> [apiv2][query] GET https://cloudresourcemanager.googleapis.com/v1/operations/create_project.global.9014181606691505858 [none]
[debug] [2025-06-04T06:12:31.772Z] <<< [apiv2][status] GET https://cloudresourcemanager.googleapis.com/v1/operations/create_project.global.9014181606691505858 200
[debug] [2025-06-04T06:12:31.772Z] <<< [apiv2][body] GET https://cloudresourcemanager.googleapis.com/v1/operations/create_project.global.9014181606691505858 {"name":"operations/create_project.global.9014181606691505858","metadata":{"@type":"type.googleapis.com/google.cloudresourcemanager.v1.ProjectCreationStatus","gettable":true,"ready":true},"done":true,"response":{"@type":"type.googleapis.com/google.cloudresourcemanager.v1.Project","projectNumber":"488696329440","projectId":"minha-agenda-2025","lifecycleState":"ACTIVE","name":"minha-agenda-2025","createTime":"2025-06-04T06:12:30.985334Z"}}
[debug] [2025-06-04T06:12:31.775Z] Checked if tokens are valid: true, expires at: 1749020950407
[debug] [2025-06-04T06:12:31.775Z] Checked if tokens are valid: true, expires at: 1749020950407
[debug] [2025-06-04T06:12:31.775Z] >>> [apiv2][query] POST https://firebase.googleapis.com/v1beta1/projects/minha-agenda-2025:addFirebase [none]
[debug] [2025-06-04T06:12:36.423Z] <<< [apiv2][status] POST https://firebase.googleapis.com/v1beta1/projects/minha-agenda-2025:addFirebase 200
[debug] [2025-06-04T06:12:36.423Z] <<< [apiv2][body] POST https://firebase.googleapis.com/v1beta1/projects/minha-agenda-2025:addFirebase {"name":"operations/workflows/MTU2NTM0MjYtMGI2NC00NmFhLWI1NzYtYmU4YmI0ZmY4MDA2"}
[debug] [2025-06-04T06:12:36.423Z] Checked if tokens are valid: true, expires at: 1749020950407
[debug] [2025-06-04T06:12:36.423Z] Checked if tokens are valid: true, expires at: 1749020950407
[debug] [2025-06-04T06:12:36.423Z] >>> [apiv2][query] GET https://firebase.googleapis.com/v1beta1/operations/workflows/MTU2NTM0MjYtMGI2NC00NmFhLWI1NzYtYmU4YmI0ZmY4MDA2 [none]
[debug] [2025-06-04T06:12:40.949Z] <<< [apiv2][status] GET https://firebase.googleapis.com/v1beta1/operations/workflows/MTU2NTM0MjYtMGI2NC00NmFhLWI1NzYtYmU4YmI0ZmY4MDA2 200
[debug] [2025-06-04T06:12:40.949Z] <<< [apiv2][body] GET https://firebase.googleapis.com/v1beta1/operations/workflows/MTU2NTM0MjYtMGI2NC00NmFhLWI1NzYtYmU4YmI0ZmY4MDA2 {"name":"operations/workflows/MTU2NTM0MjYtMGI2NC00NmFhLWI1NzYtYmU4YmI0ZmY4MDA2"}
[debug] [2025-06-04T06:12:41.461Z] [Add Firebase Poller] Retrying task index 0
[debug] [2025-06-04T06:12:41.462Z] Checked if tokens are valid: true, expires at: 1749020950407
[debug] [2025-06-04T06:12:41.462Z] Checked if tokens are valid: true, expires at: 1749020950407
[debug] [2025-06-04T06:12:41.462Z] >>> [apiv2][query] GET https://firebase.googleapis.com/v1beta1/operations/workflows/MTU2NTM0MjYtMGI2NC00NmFhLWI1NzYtYmU4YmI0ZmY4MDA2 [none]
[debug] [2025-06-04T06:12:42.293Z] <<< [apiv2][status] GET https://firebase.googleapis.com/v1beta1/operations/workflows/MTU2NTM0MjYtMGI2NC00NmFhLWI1NzYtYmU4YmI0ZmY4MDA2 200
[debug] [2025-06-04T06:12:42.293Z] <<< [apiv2][body] GET https://firebase.googleapis.com/v1beta1/operations/workflows/MTU2NTM0MjYtMGI2NC00NmFhLWI1NzYtYmU4YmI0ZmY4MDA2 {"name":"operations/workflows/MTU2NTM0MjYtMGI2NC00NmFhLWI1NzYtYmU4YmI0ZmY4MDA2"}
[debug] [2025-06-04T06:12:43.300Z] [Add Firebase Poller] Retrying task index 0
[debug] [2025-06-04T06:12:43.301Z] Checked if tokens are valid: true, expires at: 1749020950407
[debug] [2025-06-04T06:12:43.301Z] Checked if tokens are valid: true, expires at: 1749020950407
[debug] [2025-06-04T06:12:43.301Z] >>> [apiv2][query] GET https://firebase.googleapis.com/v1beta1/operations/workflows/MTU2NTM0MjYtMGI2NC00NmFhLWI1NzYtYmU4YmI0ZmY4MDA2 [none]
[debug] [2025-06-04T06:12:44.193Z] <<< [apiv2][status] GET https://firebase.googleapis.com/v1beta1/operations/workflows/MTU2NTM0MjYtMGI2NC00NmFhLWI1NzYtYmU4YmI0ZmY4MDA2 200
[debug] [2025-06-04T06:12:44.193Z] <<< [apiv2][body] GET https://firebase.googleapis.com/v1beta1/operations/workflows/MTU2NTM0MjYtMGI2NC00NmFhLWI1NzYtYmU4YmI0ZmY4MDA2 {"name":"operations/workflows/MTU2NTM0MjYtMGI2NC00NmFhLWI1NzYtYmU4YmI0ZmY4MDA2"}
[debug] [2025-06-04T06:12:46.195Z] [Add Firebase Poller] Retrying task index 0
[debug] [2025-06-04T06:12:46.196Z] Checked if tokens are valid: true, expires at: 1749020950407
[debug] [2025-06-04T06:12:46.196Z] Checked if tokens are valid: true, expires at: 1749020950407
[debug] [2025-06-04T06:12:46.196Z] >>> [apiv2][query] GET https://firebase.googleapis.com/v1beta1/operations/workflows/MTU2NTM0MjYtMGI2NC00NmFhLWI1NzYtYmU4YmI0ZmY4MDA2 [none]
[debug] [2025-06-04T06:12:46.777Z] <<< [apiv2][status] GET https://firebase.googleapis.com/v1beta1/operations/workflows/MTU2NTM0MjYtMGI2NC00NmFhLWI1NzYtYmU4YmI0ZmY4MDA2 200
[debug] [2025-06-04T06:12:46.777Z] <<< [apiv2][body] GET https://firebase.googleapis.com/v1beta1/operations/workflows/MTU2NTM0MjYtMGI2NC00NmFhLWI1NzYtYmU4YmI0ZmY4MDA2 {"name":"operations/workflows/MTU2NTM0MjYtMGI2NC00NmFhLWI1NzYtYmU4YmI0ZmY4MDA2","done":true,"response":{"@type":"type.googleapis.com/google.firebase.service.v1beta1.FirebaseProject","projectId":"minha-agenda-2025","projectNumber":"488696329440","displayName":"minha-agenda-2025","name":"projects/minha-agenda-2025","resources":{"hostingSite":"minha-agenda-2025"}}}
[info] 
[info] === Your Firebase project is ready! ===
[info] 
[info] Project information:
[info]    - Project ID: minha-agenda-2025
[info]    - Project Name: minha-agenda-2025
[info] 
[info] Firebase console is available at
[info] https://console.firebase.google.com/project/minha-agenda-2025/overview
[info] i  Using project minha-agenda-2025 (minha-agenda-2025) 
[info] 
=== Hosting Setup
[debug] [2025-06-04T06:12:46.789Z] Checked if tokens are valid: true, expires at: 1749020950407
[debug] [2025-06-04T06:12:46.789Z] Checked if tokens are valid: true, expires at: 1749020950407
[debug] [2025-06-04T06:12:46.790Z] >>> [apiv2][query] GET https://firebase.googleapis.com/v1beta1/projects/minha-agenda-2025 [none]
[debug] [2025-06-04T06:12:47.995Z] <<< [apiv2][status] GET https://firebase.googleapis.com/v1beta1/projects/minha-agenda-2025 200
[debug] [2025-06-04T06:12:47.995Z] <<< [apiv2][body] GET https://firebase.googleapis.com/v1beta1/projects/minha-agenda-2025 {"projectId":"minha-agenda-2025","projectNumber":"488696329440","displayName":"minha-agenda-2025","name":"projects/minha-agenda-2025","resources":{"hostingSite":"minha-agenda-2025"},"state":"ACTIVE","etag":"1_91d67e9c-a503-41af-bd28-7e18bcddd970"}
[info] 
[info] Your public directory is the folder (relative to your project directory) that
[info] will contain Hosting assets to be uploaded with firebase deploy. If you
[info] have a build process for your assets, use your build's output directory.
[info] 
[debug] [2025-06-04T06:15:29.269Z] ExitPromptError: User force closed the prompt with SIGINT
    at Interface.sigint (C:\Users\Catarina\AppData\Roaming\npm\node_modules\firebase-tools\node_modules\@inquirer\core\dist\commonjs\lib\create-prompt.js:100:37)
    at Interface.emit (node:events:518:28)
    at Interface.emit (node:domain:489:12)
    at [_ttyWrite] [as _ttyWrite] (node:internal/readline/interface:1128:18)
    at ReadStream.onkeypress (node:internal/readline/interface:267:20)
    at ReadStream.emit (node:events:530:35)
    at ReadStream.emit (node:domain:489:12)
    at emitKeys (node:internal/readline/utils:370:14)
    at emitKeys.next (<anonymous>)
    at ReadStream.onData (node:internal/readline/emitKeypressEvents:64:36)
[error] 
[error] Error: An unexpected error has occurred.
